<?xml version="1.0" encoding="UTF-8"?>
<!-- Generated by org.testng.reporters.JUnitReportReporter -->
<testsuite name="com.epam.byta.patterns.decorator.webdriver.WebDriverDecoratorExample" tests="1" time="14.617" ignored="0" failures="0" timestamp="17 Feb 2017 11:47:36 GMT" skipped="0" hostname="EPBYMINW0610" errors="0">
  <testcase name="testCustomDriver" time="14.617" classname="com.epam.byta.patterns.decorator.webdriver.WebDriverDecoratorExample"/>
</testsuite> <!-- com.epam.byta.patterns.decorator.webdriver.WebDriverDecoratorExample -->
