<?xml version="1.0" encoding="UTF-8"?>
<!-- Generated by org.testng.reporters.JUnitReportReporter -->
<testsuite name="com.epam.byta.patterns.singleton.TutByTest" tests="1" time="10.410" ignored="0" failures="0" timestamp="17 Feb 2017 11:51:58 GMT" skipped="0" hostname="EPBYMINW0610" errors="0">
  <testcase name="tutByTest" time="10.410" classname="com.epam.byta.patterns.singleton.TutByTest"/>
</testsuite> <!-- com.epam.byta.patterns.singleton.TutByTest -->
