<?xml version="1.0" encoding="UTF-8"?>
<!-- Generated by org.testng.reporters.JUnitReportReporter -->
<testsuite name="com.epam.byta.patterns.factorymethod.TutByTest" tests="1" time="16.492" ignored="0" failures="0" timestamp="17 Feb 2017 11:49:56 GMT" skipped="0" hostname="EPBYMINW0610" errors="0">
  <testcase name="test1" time="16.492" classname="com.epam.byta.patterns.factorymethod.TutByTest"/>
</testsuite> <!-- com.epam.byta.patterns.factorymethod.TutByTest -->
